[0227/161838:INFO:user_input_monitor_win.cc(168)] RegisterRawInputDevices() failed for RIDEV_REMOVE: The parameter is incorrect. (0x57)
[0227/161842:ERROR:audio_output_device.cc(369)] IO loop going away before the audio device has been stopped
[0227/161842:ERROR:audio_input_device.cc(269)] IO loop going away before the input device has been stopped
[0227/163741.322:ERROR:audio_output_device.cc(425)] IO loop going away before the audio device has been stopped
[0227/163756.015:INFO:user_input_monitor_win.cc(171)] RegisterRawInputDevices() failed for RIDEV_REMOVE: The parameter is incorrect. (0x57)
[0227/163812.534:INFO:user_input_monitor_win.cc(171)] RegisterRawInputDevices() failed for RIDEV_REMOVE: The parameter is incorrect. (0x57)
[0227/163816.970:ERROR:audio_output_device.cc(425)] IO loop going away before the audio device has been stopped
[0227/165104.252:ERROR:audio_output_device.cc(425)] IO loop going away before the audio device has been stopped
[0227/165741.013:ERROR:audio_output_device.cc(425)] IO loop going away before the audio device has been stopped
[0227/170132.406:ERROR:audio_output_device.cc(425)] IO loop going away before the audio device has been stopped
[0227/170431.307:ERROR:audio_output_device.cc(425)] IO loop going away before the audio device has been stopped
[0227/170436.887:ERROR:audio_output_device.cc(425)] IO loop going away before the audio device has been stopped
[0227/170438.201:INFO:user_input_monitor_win.cc(171)] RegisterRawInputDevices() failed for RIDEV_REMOVE: The parameter is incorrect. (0x57)
[0227/170449.972:INFO:user_input_monitor_win.cc(171)] RegisterRawInputDevices() failed for RIDEV_REMOVE: The parameter is incorrect. (0x57)
[0227/170452.622:ERROR:audio_output_device.cc(425)] IO loop going away before the audio device has been stopped
[0227/170453.974:INFO:user_input_monitor_win.cc(171)] RegisterRawInputDevices() failed for RIDEV_REMOVE: The parameter is incorrect. (0x57)
[0227/170505.326:ERROR:audio_output_device.cc(425)] IO loop going away before the audio device has been stopped
[0227/170506.672:INFO:user_input_monitor_win.cc(171)] RegisterRawInputDevices() failed for RIDEV_REMOVE: The parameter is incorrect. (0x57)
[0425/164853.314:WARNING:quota_manager.cc(1833)] Create directory failed for path
[0425/164853.314:WARNING:quota_manager.cc(1833)] Create directory failed for path
[0425/185803.108:WARNING:p2ptransportchannel.cc(518)] Jingle:Port[000001B66A7E0870:data:1:0:local:Net[any:0.0.0.x/0:Unknown]]: SetOption(5, 0) failed: 0
[0425/185803.109:WARNING:p2ptransportchannel.cc(518)] Jingle:Port[000001B66A7DEF80:data:1:0:local:Net[any:0:0:0:x:x:x:x:x/0:Unknown]]: SetOption(5, 0) failed: 0
[0425/185805.272:WARNING:p2ptransportchannel.cc(518)] Jingle:Port[000001B66A7DF310:data:1:0:local:Net[any:0.0.0.x/0:Unknown]]: SetOption(5, 0) failed: 0
[0425/185805.273:WARNING:p2ptransportchannel.cc(518)] Jingle:Port[000001B66A7DFA30:data:1:0:local:Net[any:0:0:0:x:x:x:x:x/0:Unknown]]: SetOption(5, 0) failed: 0
[0425/190307.458:WARNING:quota_manager.cc(1833)] Create directory failed for path
[0425/190307.461:WARNING:quota_manager.cc(1833)] Create directory failed for path
[0425/190405.210:WARNING:audio_output_dispatcher_impl.cc(138)] Active proxy streams during shutdown: 1
[0425/190405.269:WARNING:audio_sync_reader.cc(166)] AudioSyncReader::Read timed out, audio glitch count=1
[0425/190405.299:WARNING:audio_sync_reader.cc(166)] AudioSyncReader::Read timed out, audio glitch count=2
[0425/190405.329:WARNING:audio_sync_reader.cc(166)] AudioSyncReader::Read timed out, audio glitch count=3
[0425/190405.360:WARNING:audio_sync_reader.cc(166)] AudioSyncReader::Read timed out, audio glitch count=4
[0425/190405.391:WARNING:audio_sync_reader.cc(166)] AudioSyncReader::Read timed out, audio glitch count=5
[0425/190405.427:WARNING:audio_sync_reader.cc(166)] AudioSyncReader::Read timed out, audio glitch count=6
[0425/190405.451:WARNING:audio_sync_reader.cc(166)] AudioSyncReader::Read timed out, audio glitch count=7
[0425/190405.481:WARNING:audio_sync_reader.cc(166)] AudioSyncReader::Read timed out, audio glitch count=8
[0425/190408.008:WARNING:audio_sync_reader.cc(166)] AudioSyncReader::Read timed out, audio glitch count=9
[0425/192034.016:WARNING:p2ptransportchannel.cc(518)] Jingle:Port[000001C7AD789460:data:1:0:local:Net[any:0.0.0.x/0:Unknown]]: SetOption(5, 0) failed: 0
[0425/192034.017:WARNING:p2ptransportchannel.cc(518)] Jingle:Port[000001C7AD78A010:data:1:0:local:Net[any:0:0:0:x:x:x:x:x/0:Unknown]]: SetOption(5, 0) failed: 0
[0425/192037.528:WARNING:p2ptransportchannel.cc(518)] Jingle:Port[000001C7AD80C720:data:1:0:local:Net[any:0.0.0.x/0:Unknown]]: SetOption(5, 0) failed: 0
[0425/192037.534:WARNING:p2ptransportchannel.cc(518)] Jingle:Port[000001C7AD80CAB0:data:1:0:local:Net[any:0:0:0:x:x:x:x:x/0:Unknown]]: SetOption(5, 0) failed: 0
[0425/192039.306:WARNING:p2ptransportchannel.cc(518)] Jingle:Port[000001C7AD80D8F0:data:1:0:local:Net[any:0.0.0.x/0:Unknown]]: SetOption(5, 0) failed: 0
[0425/192039.306:WARNING:p2ptransportchannel.cc(518)] Jingle:Port[000001C7AD80DC80:data:1:0:local:Net[any:0:0:0:x:x:x:x:x/0:Unknown]]: SetOption(5, 0) failed: 0
[0425/192047.544:WARNING:p2ptransportchannel.cc(518)] Jingle:Port[000001C7AD80CAB0:data:1:0:local:Net[any:0.0.0.x/0:Unknown]]: SetOption(5, 0) failed: 0
[0425/192047.544:WARNING:p2ptransportchannel.cc(518)] Jingle:Port[000001C7AD80DC80:data:1:0:local:Net[any:0:0:0:x:x:x:x:x/0:Unknown]]: SetOption(5, 0) failed: 0
[0425/192104.641:WARNING:quota_manager.cc(1833)] Create directory failed for path
[0425/192104.644:WARNING:quota_manager.cc(1833)] Create directory failed for path
[0425/192113.305:WARNING:spdy_session.cc(2224)] Received HEADERS for invalid stream 3
[0425/192558.024:WARNING:quota_manager.cc(1833)] Create directory failed for path
[0425/192558.025:WARNING:quota_manager.cc(1833)] Create directory failed for path
[0425/192620.181:WARNING:audio_output_dispatcher_impl.cc(138)] Active proxy streams during shutdown: 1
[0425/204904.806:WARNING:p2ptransportchannel.cc(518)] Jingle:Port[00000204BA49C5F0:data:1:0:local:Net[any:0.0.0.x/0:Unknown]]: SetOption(5, 0) failed: 0
[0425/204904.807:WARNING:p2ptransportchannel.cc(518)] Jingle:Port[00000204BA49D360:data:1:0:local:Net[any:0:0:0:x:x:x:x:x/0:Unknown]]: SetOption(5, 0) failed: 0
[0425/204908.734:WARNING:p2ptransportchannel.cc(518)] Jingle:Port[00000204BA4D60A0:data:1:0:local:Net[any:0.0.0.x/0:Unknown]]: SetOption(5, 0) failed: 0
[0425/204908.735:WARNING:p2ptransportchannel.cc(518)] Jingle:Port[00000204BA6528C0:data:1:0:local:Net[any:0:0:0:x:x:x:x:x/0:Unknown]]: SetOption(5, 0) failed: 0
[0426/105013.483:WARNING:quota_manager.cc(1833)] Create directory failed for path
[0426/105013.486:WARNING:quota_manager.cc(1833)] Create directory failed for path
